<?xml version="1.0" encoding="UTF-8"?>
<testng-results skipped="0" failed="0" ignored="0" total="1" passed="1">
  <reporter-output>
  </reporter-output>
  <suite name="Suite" duration-ms="61356" started-at="2022-05-03T16:31:36 IST" finished-at="2022-05-03T16:32:37 IST">
    <groups>
    </groups>
    <test name="Test" duration-ms="61356" started-at="2022-05-03T16:31:36 IST" finished-at="2022-05-03T16:32:37 IST">
      <class name="com.test.ScreenShotTest">
        <test-method status="PASS" signature="setup()[pri:0, instance:com.test.ScreenShotTest@4d95d2a2]" name="setup" is-config="true" duration-ms="56667" started-at="2022-05-03T16:31:36 IST" finished-at="2022-05-03T16:32:32 IST">
          <reporter-output>
          </reporter-output>
        </test-method> <!-- setup -->
        <test-method status="PASS" signature="getScreenShotTest()[pri:0, instance:com.test.ScreenShotTest@4d95d2a2]" name="getScreenShotTest" duration-ms="2821" started-at="2022-05-03T16:32:32 IST" finished-at="2022-05-03T16:32:35 IST">
          <reporter-output>
          </reporter-output>
        </test-method> <!-- getScreenShotTest -->
        <test-method status="PASS" signature="tearDown()[pri:0, instance:com.test.ScreenShotTest@4d95d2a2]" name="tearDown" is-config="true" duration-ms="1738" started-at="2022-05-03T16:32:35 IST" finished-at="2022-05-03T16:32:37 IST">
          <reporter-output>
          </reporter-output>
        </test-method> <!-- tearDown -->
      </class> <!-- com.test.ScreenShotTest -->
    </test> <!-- Test -->
  </suite> <!-- Suite -->
</testng-results>
