<?xml version="1.0" encoding="UTF-8"?>
<testng-results ignored="0" total="1" passed="1" failed="0" skipped="0">
  <reporter-output>
  </reporter-output>
  <suite started-at="2022-05-03T21:52:33 IST" name="Suite" finished-at="2022-05-03T21:53:05 IST" duration-ms="31709">
    <groups>
    </groups>
    <test started-at="2022-05-03T21:52:33 IST" name="Test" finished-at="2022-05-03T21:53:05 IST" duration-ms="31709">
      <class name="com.test.ScreenShotTest">
        <test-method is-config="true" signature="setup()[pri:0, instance:com.test.ScreenShotTest@28f2a10f]" started-at="2022-05-03T21:52:33 IST" name="setup" finished-at="2022-05-03T21:53:04 IST" duration-ms="30159" status="PASS">
          <reporter-output>
          </reporter-output>
        </test-method> <!-- setup -->
        <test-method signature="getScreenShotTest()[pri:0, instance:com.test.ScreenShotTest@28f2a10f]" started-at="2022-05-03T21:53:04 IST" name="getScreenShotTest" finished-at="2022-05-03T21:53:04 IST" duration-ms="618" status="PASS">
          <reporter-output>
          </reporter-output>
        </test-method> <!-- getScreenShotTest -->
        <test-method is-config="true" signature="tearDown()[pri:0, instance:com.test.ScreenShotTest@28f2a10f]" started-at="2022-05-03T21:53:04 IST" name="tearDown" finished-at="2022-05-03T21:53:05 IST" duration-ms="838" status="PASS">
          <reporter-output>
          </reporter-output>
        </test-method> <!-- tearDown -->
      </class> <!-- com.test.ScreenShotTest -->
    </test> <!-- Test -->
  </suite> <!-- Suite -->
</testng-results>
